<?xml version="1.0" encoding="UTF-8"?>
<!-- Generated by org.testng.reporters.JUnitReportReporter -->
<testsuite skipped="0" hostname="SIVANAT-A40-D" name="com.SivaOfss.testcase.TestCase2" tests="1" failures="0" timestamp="2020-12-08T18:56:22 IST" time="4.427" errors="0">
  <testcase name="AddCust" time="4.427" classname="com.SivaOfss.testcase.TestCase2"/>
  <system-out/>
</testsuite> <!-- com.SivaOfss.testcase.TestCase2 -->
