<?xml version="1.0" encoding="UTF-8"?>
<!-- Generated by org.testng.reporters.JUnitReportReporter -->
<testsuite skipped="0" hostname="SIVANAT-A40-D" name="com.SivaOfss.testcase.TestCase1" tests="1" failures="0" timestamp="2020-12-28T21:04:00 IST" time="3.256" errors="0">
  <testcase name="testcase" time="3.256" classname="com.SivaOfss.testcase.TestCase1"/>
  <system-out/>
</testsuite> <!-- com.SivaOfss.testcase.TestCase1 -->
