<?xml version="1.0" encoding="UTF-8"?>
<!-- Generated by org.testng.reporters.JUnitReportReporter -->
<testsuite skipped="0" hostname="SIVANAT-A40-D" name="com.SivaOfss.testcase.TestCase2" tests="3" failures="0" timestamp="2020-12-28T21:04:00 IST" time="2.778" errors="0">
  <testcase name="addCust" time="0.905" classname="com.SivaOfss.testcase.TestCase2"/>
  <system-out>
<a target="_blank" href=error.jpg><img scr=error.jpg height =100 width=100	></img></a> <br>  </system-out>
  <testcase name="addCust" time="1.185" classname="com.SivaOfss.testcase.TestCase2"/>
  <system-out>
<a target="_blank" href=error.jpg><img scr=error.jpg height =100 width=100	></img></a> <br>  </system-out>
  <testcase name="addCust" time="0.688" classname="com.SivaOfss.testcase.TestCase2"/>
  <system-out>
<a target="_blank" href=error.jpg><img scr=error.jpg height =100 width=100	></img></a> <br>  </system-out>
</testsuite> <!-- com.SivaOfss.testcase.TestCase2 -->
