<?xml version="1.0" encoding="UTF-8"?>
<!-- Generated by org.testng.reporters.JUnitReportReporter -->
<testsuite skipped="0" hostname="SIVANAT-A40-D" name="com.SivaOfss.testcase.TestCase3" tests="2" failures="0" timestamp="2020-12-28T21:04:00 IST" time="0.654" errors="0">
  <testcase name="openAcc" time="0.428" classname="com.SivaOfss.testcase.TestCase3"/>
  <system-out/>
  <testcase name="openAcc" time="0.226" classname="com.SivaOfss.testcase.TestCase3"/>
  <system-out/>
</testsuite> <!-- com.SivaOfss.testcase.TestCase3 -->
